e:\michael\documents\visual studio 2015\projects\mikesimulator\debug\vc140.pdb
e:\michael\documents\visual studio 2015\projects\mikesimulator\debug\vc140.idb
e:\michael\documents\visual studio 2015\projects\mikesimulator\debug\control.obj
e:\michael\documents\visual studio 2015\projects\mikesimulator\debug\data.obj
e:\michael\documents\visual studio 2015\projects\mikesimulator\debug\display.obj
e:\michael\documents\visual studio 2015\projects\mikesimulator\debug\fluidinterface.obj
e:\michael\documents\visual studio 2015\projects\mikesimulator\debug\main.obj
e:\michael\documents\visual studio 2015\projects\mikesimulator\debug\mikeorder.obj
e:\michael\documents\visual studio 2015\projects\mikesimulator\debug\mikeorderbook.obj
e:\michael\documents\visual studio 2015\projects\mikesimulator\debug\mikesimulator.obj
e:\michael\documents\visual studio 2015\projects\mikesimulator\debug\userinterface.obj
e:\michael\documents\visual studio 2015\projects\mikesimulator\debug\widgettable.obj
e:\michael\documents\visual studio 2015\projects\mikesimulator\debug\mikesimulator.ilk
e:\michael\documents\visual studio 2015\projects\mikesimulator\debug\mikesimulator.exe
e:\michael\documents\visual studio 2015\projects\mikesimulator\debug\mikesimulator.pdb
e:\michael\documents\visual studio 2015\projects\mikesimulator\debug\mikesimulator.tlog\cl.command.1.tlog
e:\michael\documents\visual studio 2015\projects\mikesimulator\debug\mikesimulator.tlog\cl.read.1.tlog
e:\michael\documents\visual studio 2015\projects\mikesimulator\debug\mikesimulator.tlog\cl.write.1.tlog
e:\michael\documents\visual studio 2015\projects\mikesimulator\debug\mikesimulator.tlog\link.command.1.tlog
e:\michael\documents\visual studio 2015\projects\mikesimulator\debug\mikesimulator.tlog\link.read.1.tlog
e:\michael\documents\visual studio 2015\projects\mikesimulator\debug\mikesimulator.tlog\link.write.1.tlog
