Build started 12/10/2017 22:48:50.
     1>Project "D:\MyDocuments\Visual Studio 2015\Projects\MikeSimulator-startingFromScratch\MikeSimulator\MikeSimulator.vcxproj" on node 2 (Build target(s)).
     1>ClCompile:
         C:\Program Files (x86)\Microsoft Visual Studio 14.0\VC\bin\CL.exe /c /I"D:\MyDocuments\Visual Studio 2015\Projects\MikeSimulator-startingFromScratch\MikeSimulator\\FLTK" /I"D:\MyDocuments\Visual Studio 2015\ExternalLibraries\FLTK" /ZI /nologo /W3 /WX- /sdl /Od /Oy- /D WIN32 /D _DEBUG /D _WINDOWS /D _CRT_SECURE_NO_WARNINGS /D _MBCS /Gm /EHsc /RTC1 /MTd /GS /fp:precise /Zc:wchar_t /Zc:forScope /Zc:inline /Fo"Debug\\" /Fd"Debug\vc140.pdb" /Gd /TP /analyze- /errorReport:prompt src\Control.cpp src\main.cpp
         main.cpp
         Control.cpp
     1>d:\mydocuments\visual studio 2015\projects\mikesimulator-startingfromscratch\mikesimulator\src\control.cpp(14): warning C4244: '=': conversion from 'double' to 'int', possible loss of data
         Generating Code...
       Link:
         C:\Program Files (x86)\Microsoft Visual Studio 14.0\VC\bin\link.exe /ERRORREPORT:PROMPT /OUT:"D:\MyDocuments\Visual Studio 2015\Projects\MikeSimulator-startingFromScratch\MikeSimulator\Debug\MikeSimulator.exe" /INCREMENTAL /NOLOGO /LIBPATH:"D:\MyDocuments\Visual Studio 2015\Projects\MikeSimulator-startingFromScratch\MikeSimulator\\FLTK\lib" /LIBPATH:"D:\MyDocuments\Visual Studio 2015\ExternalLibraries\FLTK\lib" fltkd.lib wsock32.lib comctl32.lib fltkjpegd.lib fltkimagesd.lib kernel32.lib user32.lib gdi32.lib winspool.lib comdlg32.lib advapi32.lib shell32.lib ole32.lib oleaut32.lib uuid.lib odbc32.lib odbccp32.lib /MANIFEST /MANIFESTUAC:"level='asInvoker' uiAccess='false'" /manifest:embed /DEBUG:FASTLINK /PDB:"D:\MyDocuments\Visual Studio 2015\Projects\MikeSimulator-startingFromScratch\MikeSimulator\Debug\MikeSimulator.pdb" /TLBID:1 /DYNAMICBASE /NXCOMPAT /IMPLIB:"D:\MyDocuments\Visual Studio 2015\Projects\MikeSimulator-startingFromScratch\MikeSimulator\Debug\MikeSimulator.lib" /MACHINE:X86 Debug\Control.obj
         Debug\Data.obj
         Debug\FluidControlInterface.obj
         Debug\FluidPriceControl.obj
         Debug\main.obj
         Debug\ControlUI.obj
     1>fltkd.lib(case.obj) : warning LNK4099: PDB 'fltk.pdb' was not found with 'fltkd.lib(case.obj)' or at 'D:\MyDocuments\Visual Studio 2015\Projects\MikeSimulator-startingFromScratch\MikeSimulator\Debug\fltk.pdb'; linking object as if no debug info
     1>fltkd.lib(filename_list.obj) : warning LNK4099: PDB 'fltk.pdb' was not found with 'fltkd.lib(filename_list.obj)' or at 'D:\MyDocuments\Visual Studio 2015\Projects\MikeSimulator-startingFromScratch\MikeSimulator\Debug\fltk.pdb'; linking object as if no debug info
     1>fltkd.lib(filename_match.obj) : warning LNK4099: PDB 'fltk.pdb' was not found with 'fltkd.lib(filename_match.obj)' or at 'D:\MyDocuments\Visual Studio 2015\Projects\MikeSimulator-startingFromScratch\MikeSimulator\Debug\fltk.pdb'; linking object as if no debug info
     1>fltkd.lib(Fl.obj) : warning LNK4099: PDB 'fltk.pdb' was not found with 'fltkd.lib(Fl.obj)' or at 'D:\MyDocuments\Visual Studio 2015\Projects\MikeSimulator-startingFromScratch\MikeSimulator\Debug\fltk.pdb'; linking object as if no debug info
     1>fltkd.lib(Fl_abort.obj) : warning LNK4099: PDB 'fltk.pdb' was not found with 'fltkd.lib(Fl_abort.obj)' or at 'D:\MyDocuments\Visual Studio 2015\Projects\MikeSimulator-startingFromScratch\MikeSimulator\Debug\fltk.pdb'; linking object as if no debug info
     1>fltkd.lib(fl_arc.obj) : warning LNK4099: PDB 'fltk.pdb' was not found with 'fltkd.lib(fl_arc.obj)' or at 'D:\MyDocuments\Visual Studio 2015\Projects\MikeSimulator-startingFromScratch\MikeSimulator\Debug\fltk.pdb'; linking object as if no debug info
     1>fltkd.lib(fl_arci.obj) : warning LNK4099: PDB 'fltk.pdb' was not found with 'fltkd.lib(fl_arci.obj)' or at 'D:\MyDocuments\Visual Studio 2015\Projects\MikeSimulator-startingFromScratch\MikeSimulator\Debug\fltk.pdb'; linking object as if no debug info
     1>fltkd.lib(fl_ask.obj) : warning LNK4099: PDB 'fltk.pdb' was not found with 'fltkd.lib(fl_ask.obj)' or at 'D:\MyDocuments\Visual Studio 2015\Projects\MikeSimulator-startingFromScratch\MikeSimulator\Debug\fltk.pdb'; linking object as if no debug info
     1>fltkd.lib(Fl_Bitmap.obj) : warning LNK4099: PDB 'fltk.pdb' was not found with 'fltkd.lib(Fl_Bitmap.obj)' or at 'D:\MyDocuments\Visual Studio 2015\Projects\MikeSimulator-startingFromScratch\MikeSimulator\Debug\fltk.pdb'; linking object as if no debug info
     1>fltkd.lib(Fl_Box.obj) : warning LNK4099: PDB 'fltk.pdb' was not found with 'fltkd.lib(Fl_Box.obj)' or at 'D:\MyDocuments\Visual Studio 2015\Projects\MikeSimulator-startingFromScratch\MikeSimulator\Debug\fltk.pdb'; linking object as if no debug info
     1>fltkd.lib(fl_boxtype.obj) : warning LNK4099: PDB 'fltk.pdb' was not found with 'fltkd.lib(fl_boxtype.obj)' or at 'D:\MyDocuments\Visual Studio 2015\Projects\MikeSimulator-startingFromScratch\MikeSimulator\Debug\fltk.pdb'; linking object as if no debug info
     1>fltkd.lib(Fl_Button.obj) : warning LNK4099: PDB 'fltk.pdb' was not found with 'fltkd.lib(Fl_Button.obj)' or at 'D:\MyDocuments\Visual Studio 2015\Projects\MikeSimulator-startingFromScratch\MikeSimulator\Debug\fltk.pdb'; linking object as if no debug info
     1>fltkd.lib(fl_color.obj) : warning LNK4099: PDB 'fltk.pdb' was not found with 'fltkd.lib(fl_color.obj)' or at 'D:\MyDocuments\Visual Studio 2015\Projects\MikeSimulator-startingFromScratch\MikeSimulator\Debug\fltk.pdb'; linking object as if no debug info
     1>fltkd.lib(Fl_compose.obj) : warning LNK4099: PDB 'fltk.pdb' was not found with 'fltkd.lib(Fl_compose.obj)' or at 'D:\MyDocuments\Visual Studio 2015\Projects\MikeSimulator-startingFromScratch\MikeSimulator\Debug\fltk.pdb'; linking object as if no debug info
     1>fltkd.lib(fl_cursor.obj) : warning LNK4099: PDB 'fltk.pdb' was not found with 'fltkd.lib(fl_cursor.obj)' or at 'D:\MyDocuments\Visual Studio 2015\Projects\MikeSimulator-startingFromScratch\MikeSimulator\Debug\fltk.pdb'; linking object as if no debug info
     1>fltkd.lib(fl_curve.obj) : warning LNK4099: PDB 'fltk.pdb' was not found with 'fltkd.lib(fl_curve.obj)' or at 'D:\MyDocuments\Visual Studio 2015\Projects\MikeSimulator-startingFromScratch\MikeSimulator\Debug\fltk.pdb'; linking object as if no debug info
     1>fltkd.lib(Fl_Device.obj) : warning LNK4099: PDB 'fltk.pdb' was not found with 'fltkd.lib(Fl_Device.obj)' or at 'D:\MyDocuments\Visual Studio 2015\Projects\MikeSimulator-startingFromScratch\MikeSimulator\Debug\fltk.pdb'; linking object as if no debug info
     1>fltkd.lib(fl_dnd.obj) : warning LNK4099: PDB 'fltk.pdb' was not found with 'fltkd.lib(fl_dnd.obj)' or at 'D:\MyDocuments\Visual Studio 2015\Projects\MikeSimulator-startingFromScratch\MikeSimulator\Debug\fltk.pdb'; linking object as if no debug info
     1>fltkd.lib(Fl_Double_Window.obj) : warning LNK4099: PDB 'fltk.pdb' was not found with 'fltkd.lib(Fl_Double_Window.obj)' or at 'D:\MyDocuments\Visual Studio 2015\Projects\MikeSimulator-startingFromScratch\MikeSimulator\Debug\fltk.pdb'; linking object as if no debug info
     1>fltkd.lib(fl_draw.obj) : warning LNK4099: PDB 'fltk.pdb' was not found with 'fltkd.lib(fl_draw.obj)' or at 'D:\MyDocuments\Visual Studio 2015\Projects\MikeSimulator-startingFromScratch\MikeSimulator\Debug\fltk.pdb'; linking object as if no debug info
     1>fltkd.lib(fl_draw_image.obj) : warning LNK4099: PDB 'fltk.pdb' was not found with 'fltkd.lib(fl_draw_image.obj)' or at 'D:\MyDocuments\Visual Studio 2015\Projects\MikeSimulator-startingFromScratch\MikeSimulator\Debug\fltk.pdb'; linking object as if no debug info
     1>fltkd.lib(fl_draw_pixmap.obj) : warning LNK4099: PDB 'fltk.pdb' was not found with 'fltkd.lib(fl_draw_pixmap.obj)' or at 'D:\MyDocuments\Visual Studio 2015\Projects\MikeSimulator-startingFromScratch\MikeSimulator\Debug\fltk.pdb'; linking object as if no debug info
     1>fltkd.lib(fl_font.obj) : warning LNK4099: PDB 'fltk.pdb' was not found with 'fltkd.lib(fl_font.obj)' or at 'D:\MyDocuments\Visual Studio 2015\Projects\MikeSimulator-startingFromScratch\MikeSimulator\Debug\fltk.pdb'; linking object as if no debug info
     1>fltkd.lib(Fl_get_system_colors.obj) : warning LNK4099: PDB 'fltk.pdb' was not found with 'fltkd.lib(Fl_get_system_colors.obj)' or at 'D:\MyDocuments\Visual Studio 2015\Projects\MikeSimulator-startingFromScratch\MikeSimulator\Debug\fltk.pdb'; linking object as if no debug info
     1>fltkd.lib(Fl_grab.obj) : warning LNK4099: PDB 'fltk.pdb' was not found with 'fltkd.lib(Fl_grab.obj)' or at 'D:\MyDocuments\Visual Studio 2015\Projects\MikeSimulator-startingFromScratch\MikeSimulator\Debug\fltk.pdb'; linking object as if no debug info
     1>fltkd.lib(Fl_Group.obj) : warning LNK4099: PDB 'fltk.pdb' was not found with 'fltkd.lib(Fl_Group.obj)' or at 'D:\MyDocuments\Visual Studio 2015\Projects\MikeSimulator-startingFromScratch\MikeSimulator\Debug\fltk.pdb'; linking object as if no debug info
     1>fltkd.lib(fl_gtk.obj) : warning LNK4099: PDB 'fltk.pdb' was not found with 'fltkd.lib(fl_gtk.obj)' or at 'D:\MyDocuments\Visual Studio 2015\Projects\MikeSimulator-startingFromScratch\MikeSimulator\Debug\fltk.pdb'; linking object as if no debug info
     1>fltkd.lib(fl_gleam.obj) : warning LNK4099: PDB 'fltk.pdb' was not found with 'fltkd.lib(fl_gleam.obj)' or at 'D:\MyDocuments\Visual Studio 2015\Projects\MikeSimulator-startingFromScratch\MikeSimulator\Debug\fltk.pdb'; linking object as if no debug info
     1>fltkd.lib(Fl_Image.obj) : warning LNK4099: PDB 'fltk.pdb' was not found with 'fltkd.lib(Fl_Image.obj)' or at 'D:\MyDocuments\Visual Studio 2015\Projects\MikeSimulator-startingFromScratch\MikeSimulator\Debug\fltk.pdb'; linking object as if no debug info
     1>fltkd.lib(Fl_Input.obj) : warning LNK4099: PDB 'fltk.pdb' was not found with 'fltkd.lib(Fl_Input.obj)' or at 'D:\MyDocuments\Visual Studio 2015\Projects\MikeSimulator-startingFromScratch\MikeSimulator\Debug\fltk.pdb'; linking object as if no debug info
     1>fltkd.lib(Fl_Input_.obj) : warning LNK4099: PDB 'fltk.pdb' was not found with 'fltkd.lib(Fl_Input_.obj)' or at 'D:\MyDocuments\Visual Studio 2015\Projects\MikeSimulator-startingFromScratch\MikeSimulator\Debug\fltk.pdb'; linking object as if no debug info
     1>fltkd.lib(fl_labeltype.obj) : warning LNK4099: PDB 'fltk.pdb' was not found with 'fltkd.lib(fl_labeltype.obj)' or at 'D:\MyDocuments\Visual Studio 2015\Projects\MikeSimulator-startingFromScratch\MikeSimulator\Debug\fltk.pdb'; linking object as if no debug info
     1>fltkd.lib(fl_line_style.obj) : warning LNK4099: PDB 'fltk.pdb' was not found with 'fltkd.lib(fl_line_style.obj)' or at 'D:\MyDocuments\Visual Studio 2015\Projects\MikeSimulator-startingFromScratch\MikeSimulator\Debug\fltk.pdb'; linking object as if no debug info
     1>fltkd.lib(Fl_lock.obj) : warning LNK4099: PDB 'fltk.pdb' was not found with 'fltkd.lib(Fl_lock.obj)' or at 'D:\MyDocuments\Visual Studio 2015\Projects\MikeSimulator-startingFromScratch\MikeSimulator\Debug\fltk.pdb'; linking object as if no debug info
     1>fltkd.lib(Fl_Menu.obj) : warning LNK4099: PDB 'fltk.pdb' was not found with 'fltkd.lib(Fl_Menu.obj)' or at 'D:\MyDocuments\Visual Studio 2015\Projects\MikeSimulator-startingFromScratch\MikeSimulator\Debug\fltk.pdb'; linking object as if no debug info
     1>fltkd.lib(Fl_Menu_.obj) : warning LNK4099: PDB 'fltk.pdb' was not found with 'fltkd.lib(Fl_Menu_.obj)' or at 'D:\MyDocuments\Visual Studio 2015\Projects\MikeSimulator-startingFromScratch\MikeSimulator\Debug\fltk.pdb'; linking object as if no debug info
     1>fltkd.lib(Fl_Menu_add.obj) : warning LNK4099: PDB 'fltk.pdb' was not found with 'fltkd.lib(Fl_Menu_add.obj)' or at 'D:\MyDocuments\Visual Studio 2015\Projects\MikeSimulator-startingFromScratch\MikeSimulator\Debug\fltk.pdb'; linking object as if no debug info
     1>fltkd.lib(Fl_Menu_Button.obj) : warning LNK4099: PDB 'fltk.pdb' was not found with 'fltkd.lib(Fl_Menu_Button.obj)' or at 'D:\MyDocuments\Visual Studio 2015\Projects\MikeSimulator-startingFromScratch\MikeSimulator\Debug\fltk.pdb'; linking object as if no debug info
     1>fltkd.lib(Fl_Menu_Window.obj) : warning LNK4099: PDB 'fltk.pdb' was not found with 'fltkd.lib(Fl_Menu_Window.obj)' or at 'D:\MyDocuments\Visual Studio 2015\Projects\MikeSimulator-startingFromScratch\MikeSimulator\Debug\fltk.pdb'; linking object as if no debug info
     1>fltkd.lib(Fl_Overlay_Window.obj) : warning LNK4099: PDB 'fltk.pdb' was not found with 'fltkd.lib(Fl_Overlay_Window.obj)' or at 'D:\MyDocuments\Visual Studio 2015\Projects\MikeSimulator-startingFromScratch\MikeSimulator\Debug\fltk.pdb'; linking object as if no debug info
     1>fltkd.lib(Fl_Pixmap.obj) : warning LNK4099: PDB 'fltk.pdb' was not found with 'fltkd.lib(Fl_Pixmap.obj)' or at 'D:\MyDocuments\Visual Studio 2015\Projects\MikeSimulator-startingFromScratch\MikeSimulator\Debug\fltk.pdb'; linking object as if no debug info
     1>fltkd.lib(fl_plastic.obj) : warning LNK4099: PDB 'fltk.pdb' was not found with 'fltkd.lib(fl_plastic.obj)' or at 'D:\MyDocuments\Visual Studio 2015\Projects\MikeSimulator-startingFromScratch\MikeSimulator\Debug\fltk.pdb'; linking object as if no debug info
     1>fltkd.lib(Fl_Preferences.obj) : warning LNK4099: PDB 'fltk.pdb' was not found with 'fltkd.lib(Fl_Preferences.obj)' or at 'D:\MyDocuments\Visual Studio 2015\Projects\MikeSimulator-startingFromScratch\MikeSimulator\Debug\fltk.pdb'; linking object as if no debug info
     1>fltkd.lib(fl_read_image.obj) : warning LNK4099: PDB 'fltk.pdb' was not found with 'fltkd.lib(fl_read_image.obj)' or at 'D:\MyDocuments\Visual Studio 2015\Projects\MikeSimulator-startingFromScratch\MikeSimulator\Debug\fltk.pdb'; linking object as if no debug info
     1>fltkd.lib(fl_rect.obj) : warning LNK4099: PDB 'fltk.pdb' was not found with 'fltkd.lib(fl_rect.obj)' or at 'D:\MyDocuments\Visual Studio 2015\Projects\MikeSimulator-startingFromScratch\MikeSimulator\Debug\fltk.pdb'; linking object as if no debug info
     1>fltkd.lib(Fl_Repeat_Button.obj) : warning LNK4099: PDB 'fltk.pdb' was not found with 'fltkd.lib(Fl_Repeat_Button.obj)' or at 'D:\MyDocuments\Visual Studio 2015\Projects\MikeSimulator-startingFromScratch\MikeSimulator\Debug\fltk.pdb'; linking object as if no debug info
     1>fltkd.lib(Fl_Return_Button.obj) : warning LNK4099: PDB 'fltk.pdb' was not found with 'fltkd.lib(Fl_Return_Button.obj)' or at 'D:\MyDocuments\Visual Studio 2015\Projects\MikeSimulator-startingFromScratch\MikeSimulator\Debug\fltk.pdb'; linking object as if no debug info
     1>fltkd.lib(fl_round_box.obj) : warning LNK4099: PDB 'fltk.pdb' was not found with 'fltkd.lib(fl_round_box.obj)' or at 'D:\MyDocuments\Visual Studio 2015\Projects\MikeSimulator-startingFromScratch\MikeSimulator\Debug\fltk.pdb'; linking object as if no debug info
     1>fltkd.lib(fl_shortcut.obj) : warning LNK4099: PDB 'fltk.pdb' was not found with 'fltkd.lib(fl_shortcut.obj)' or at 'D:\MyDocuments\Visual Studio 2015\Projects\MikeSimulator-startingFromScratch\MikeSimulator\Debug\fltk.pdb'; linking object as if no debug info
     1>fltkd.lib(Fl_Single_Window.obj) : warning LNK4099: PDB 'fltk.pdb' was not found with 'fltkd.lib(Fl_Single_Window.obj)' or at 'D:\MyDocuments\Visual Studio 2015\Projects\MikeSimulator-startingFromScratch\MikeSimulator\Debug\fltk.pdb'; linking object as if no debug info
     1>fltkd.lib(Fl_Slider.obj) : warning LNK4099: PDB 'fltk.pdb' was not found with 'fltkd.lib(Fl_Slider.obj)' or at 'D:\MyDocuments\Visual Studio 2015\Projects\MikeSimulator-startingFromScratch\MikeSimulator\Debug\fltk.pdb'; linking object as if no debug info
     1>fltkd.lib(fl_symbols.obj) : warning LNK4099: PDB 'fltk.pdb' was not found with 'fltkd.lib(fl_symbols.obj)' or at 'D:\MyDocuments\Visual Studio 2015\Projects\MikeSimulator-startingFromScratch\MikeSimulator\Debug\fltk.pdb'; linking object as if no debug info
     1>fltkd.lib(Fl_Tiled_Image.obj) : warning LNK4099: PDB 'fltk.pdb' was not found with 'fltkd.lib(Fl_Tiled_Image.obj)' or at 'D:\MyDocuments\Visual Studio 2015\Projects\MikeSimulator-startingFromScratch\MikeSimulator\Debug\fltk.pdb'; linking object as if no debug info
     1>fltkd.lib(Fl_Tooltip.obj) : warning LNK4099: PDB 'fltk.pdb' was not found with 'fltkd.lib(Fl_Tooltip.obj)' or at 'D:\MyDocuments\Visual Studio 2015\Projects\MikeSimulator-startingFromScratch\MikeSimulator\Debug\fltk.pdb'; linking object as if no debug info
     1>fltkd.lib(fl_utf.obj) : warning LNK4099: PDB 'fltk.pdb' was not found with 'fltkd.lib(fl_utf.obj)' or at 'D:\MyDocuments\Visual Studio 2015\Projects\MikeSimulator-startingFromScratch\MikeSimulator\Debug\fltk.pdb'; linking object as if no debug info
     1>fltkd.lib(fl_utf8.obj) : warning LNK4099: PDB 'fltk.pdb' was not found with 'fltkd.lib(fl_utf8.obj)' or at 'D:\MyDocuments\Visual Studio 2015\Projects\MikeSimulator-startingFromScratch\MikeSimulator\Debug\fltk.pdb'; linking object as if no debug info
     1>fltkd.lib(Fl_Valuator.obj) : warning LNK4099: PDB 'fltk.pdb' was not found with 'fltkd.lib(Fl_Valuator.obj)' or at 'D:\MyDocuments\Visual Studio 2015\Projects\MikeSimulator-startingFromScratch\MikeSimulator\Debug\fltk.pdb'; linking object as if no debug info
     1>fltkd.lib(Fl_Value_Slider.obj) : warning LNK4099: PDB 'fltk.pdb' was not found with 'fltkd.lib(Fl_Value_Slider.obj)' or at 'D:\MyDocuments\Visual Studio 2015\Projects\MikeSimulator-startingFromScratch\MikeSimulator\Debug\fltk.pdb'; linking object as if no debug info
     1>fltkd.lib(fl_vertex.obj) : warning LNK4099: PDB 'fltk.pdb' was not found with 'fltkd.lib(fl_vertex.obj)' or at 'D:\MyDocuments\Visual Studio 2015\Projects\MikeSimulator-startingFromScratch\MikeSimulator\Debug\fltk.pdb'; linking object as if no debug info
     1>fltkd.lib(Fl_Widget.obj) : warning LNK4099: PDB 'fltk.pdb' was not found with 'fltkd.lib(Fl_Widget.obj)' or at 'D:\MyDocuments\Visual Studio 2015\Projects\MikeSimulator-startingFromScratch\MikeSimulator\Debug\fltk.pdb'; linking object as if no debug info
     1>fltkd.lib(Fl_Window.obj) : warning LNK4099: PDB 'fltk.pdb' was not found with 'fltkd.lib(Fl_Window.obj)' or at 'D:\MyDocuments\Visual Studio 2015\Projects\MikeSimulator-startingFromScratch\MikeSimulator\Debug\fltk.pdb'; linking object as if no debug info
     1>fltkd.lib(Fl_Window_fullscreen.obj) : warning LNK4099: PDB 'fltk.pdb' was not found with 'fltkd.lib(Fl_Window_fullscreen.obj)' or at 'D:\MyDocuments\Visual Studio 2015\Projects\MikeSimulator-startingFromScratch\MikeSimulator\Debug\fltk.pdb'; linking object as if no debug info
     1>fltkd.lib(Fl_Window_hotspot.obj) : warning LNK4099: PDB 'fltk.pdb' was not found with 'fltkd.lib(Fl_Window_hotspot.obj)' or at 'D:\MyDocuments\Visual Studio 2015\Projects\MikeSimulator-startingFromScratch\MikeSimulator\Debug\fltk.pdb'; linking object as if no debug info
     1>fltkd.lib(Fl_Window_shape.obj) : warning LNK4099: PDB 'fltk.pdb' was not found with 'fltkd.lib(Fl_Window_shape.obj)' or at 'D:\MyDocuments\Visual Studio 2015\Projects\MikeSimulator-startingFromScratch\MikeSimulator\Debug\fltk.pdb'; linking object as if no debug info
     1>fltkd.lib(flstring.obj) : warning LNK4099: PDB 'fltk.pdb' was not found with 'fltkd.lib(flstring.obj)' or at 'D:\MyDocuments\Visual Studio 2015\Projects\MikeSimulator-startingFromScratch\MikeSimulator\Debug\fltk.pdb'; linking object as if no debug info
     1>fltkd.lib(is_spacing.obj) : warning LNK4099: PDB 'fltk.pdb' was not found with 'fltkd.lib(is_spacing.obj)' or at 'D:\MyDocuments\Visual Studio 2015\Projects\MikeSimulator-startingFromScratch\MikeSimulator\Debug\fltk.pdb'; linking object as if no debug info
     1>fltkd.lib(numericsort.obj) : warning LNK4099: PDB 'fltk.pdb' was not found with 'fltkd.lib(numericsort.obj)' or at 'D:\MyDocuments\Visual Studio 2015\Projects\MikeSimulator-startingFromScratch\MikeSimulator\Debug\fltk.pdb'; linking object as if no debug info
     1>fltkd.lib(scandir.obj) : warning LNK4099: PDB 'fltk.pdb' was not found with 'fltkd.lib(scandir.obj)' or at 'D:\MyDocuments\Visual Studio 2015\Projects\MikeSimulator-startingFromScratch\MikeSimulator\Debug\fltk.pdb'; linking object as if no debug info
     1>fltkd.lib(screen_xywh.obj) : warning LNK4099: PDB 'fltk.pdb' was not found with 'fltkd.lib(screen_xywh.obj)' or at 'D:\MyDocuments\Visual Studio 2015\Projects\MikeSimulator-startingFromScratch\MikeSimulator\Debug\fltk.pdb'; linking object as if no debug info
     1>fltkd.lib(vsnprintf.obj) : warning LNK4099: PDB 'fltk.pdb' was not found with 'fltkd.lib(vsnprintf.obj)' or at 'D:\MyDocuments\Visual Studio 2015\Projects\MikeSimulator-startingFromScratch\MikeSimulator\Debug\fltk.pdb'; linking object as if no debug info
         MikeSimulator.vcxproj -> D:\MyDocuments\Visual Studio 2015\Projects\MikeSimulator-startingFromScratch\MikeSimulator\Debug\MikeSimulator.exe
     1>Done Building Project "D:\MyDocuments\Visual Studio 2015\Projects\MikeSimulator-startingFromScratch\MikeSimulator\MikeSimulator.vcxproj" (Build target(s)).

Build succeeded.

Time Elapsed 00:00:02.11
