c:\users\pytto\documents\visual studio 2015\projects\mikesimulator\mikesimulator\debug\vc140.pdb
c:\users\pytto\documents\visual studio 2015\projects\mikesimulator\mikesimulator\debug\vc140.idb
c:\users\pytto\documents\visual studio 2015\projects\mikesimulator\mikesimulator\debug\fluidcontrolinterface.obj
c:\users\pytto\documents\visual studio 2015\projects\mikesimulator\mikesimulator\debug\fluidpricecontrol.obj
c:\users\pytto\documents\visual studio 2015\projects\mikesimulator\mikesimulator\debug\control.obj
c:\users\pytto\documents\visual studio 2015\projects\mikesimulator\mikesimulator\debug\main.obj
c:\users\pytto\documents\visual studio 2015\projects\mikesimulator\mikesimulator\debug\userinterface.obj
c:\users\pytto\documents\visual studio 2015\projects\mikesimulator\mikesimulator\debug\widgettable.obj
c:\users\pytto\documents\visual studio 2015\projects\mikesimulator\mikesimulator\debug\widtablebase.obj
c:\users\pytto\documents\visual studio 2015\projects\mikesimulator\mikesimulator\debug\mikesimulator.pdb
c:\users\pytto\documents\visual studio 2015\projects\mikesimulator\mikesimulator\debug\mikesimulator.tlog\cl.command.1.tlog
c:\users\pytto\documents\visual studio 2015\projects\mikesimulator\mikesimulator\debug\mikesimulator.tlog\cl.read.1.tlog
c:\users\pytto\documents\visual studio 2015\projects\mikesimulator\mikesimulator\debug\mikesimulator.tlog\cl.write.1.tlog
c:\users\pytto\documents\visual studio 2015\projects\mikesimulator\mikesimulator\debug\mikesimulator.tlog\link-cvtres.read.1.tlog
c:\users\pytto\documents\visual studio 2015\projects\mikesimulator\mikesimulator\debug\mikesimulator.tlog\link-cvtres.write.1.tlog
c:\users\pytto\documents\visual studio 2015\projects\mikesimulator\mikesimulator\debug\mikesimulator.tlog\link-rc.read.1.tlog
c:\users\pytto\documents\visual studio 2015\projects\mikesimulator\mikesimulator\debug\mikesimulator.tlog\link-rc.write.1.tlog
c:\users\pytto\documents\visual studio 2015\projects\mikesimulator\mikesimulator\debug\mikesimulator.tlog\link.command.1.tlog
c:\users\pytto\documents\visual studio 2015\projects\mikesimulator\mikesimulator\debug\mikesimulator.tlog\link.read.1.tlog
c:\users\pytto\documents\visual studio 2015\projects\mikesimulator\mikesimulator\debug\mikesimulator.tlog\link.write.1.tlog
