  Display.cpp
  Control.cpp
  Generating Code...
fltkd.lib(case.obj) : warning LNK4099: PDB 'fltk.pdb' was not found with 'fltkd.lib(case.obj)' or at 'E:\Michael\Documents\Visual Studio 2015\Projects\MikeSimulator\Debug\fltk.pdb'; linking object as if no debug info
fltkd.lib(filename_list.obj) : warning LNK4099: PDB 'fltk.pdb' was not found with 'fltkd.lib(filename_list.obj)' or at 'E:\Michael\Documents\Visual Studio 2015\Projects\MikeSimulator\Debug\fltk.pdb'; linking object as if no debug info
fltkd.lib(filename_match.obj) : warning LNK4099: PDB 'fltk.pdb' was not found with 'fltkd.lib(filename_match.obj)' or at 'E:\Michael\Documents\Visual Studio 2015\Projects\MikeSimulator\Debug\fltk.pdb'; linking object as if no debug info
fltkd.lib(Fl.obj) : warning LNK4099: PDB 'fltk.pdb' was not found with 'fltkd.lib(Fl.obj)' or at 'E:\Michael\Documents\Visual Studio 2015\Projects\MikeSimulator\Debug\fltk.pdb'; linking object as if no debug info
fltkd.lib(Fl_abort.obj) : warning LNK4099: PDB 'fltk.pdb' was not found with 'fltkd.lib(Fl_abort.obj)' or at 'E:\Michael\Documents\Visual Studio 2015\Projects\MikeSimulator\Debug\fltk.pdb'; linking object as if no debug info
fltkd.lib(fl_arc.obj) : warning LNK4099: PDB 'fltk.pdb' was not found with 'fltkd.lib(fl_arc.obj)' or at 'E:\Michael\Documents\Visual Studio 2015\Projects\MikeSimulator\Debug\fltk.pdb'; linking object as if no debug info
fltkd.lib(fl_arci.obj) : warning LNK4099: PDB 'fltk.pdb' was not found with 'fltkd.lib(fl_arci.obj)' or at 'E:\Michael\Documents\Visual Studio 2015\Projects\MikeSimulator\Debug\fltk.pdb'; linking object as if no debug info
fltkd.lib(fl_ask.obj) : warning LNK4099: PDB 'fltk.pdb' was not found with 'fltkd.lib(fl_ask.obj)' or at 'E:\Michael\Documents\Visual Studio 2015\Projects\MikeSimulator\Debug\fltk.pdb'; linking object as if no debug info
fltkd.lib(Fl_Bitmap.obj) : warning LNK4099: PDB 'fltk.pdb' was not found with 'fltkd.lib(Fl_Bitmap.obj)' or at 'E:\Michael\Documents\Visual Studio 2015\Projects\MikeSimulator\Debug\fltk.pdb'; linking object as if no debug info
fltkd.lib(Fl_Box.obj) : warning LNK4099: PDB 'fltk.pdb' was not found with 'fltkd.lib(Fl_Box.obj)' or at 'E:\Michael\Documents\Visual Studio 2015\Projects\MikeSimulator\Debug\fltk.pdb'; linking object as if no debug info
fltkd.lib(fl_boxtype.obj) : warning LNK4099: PDB 'fltk.pdb' was not found with 'fltkd.lib(fl_boxtype.obj)' or at 'E:\Michael\Documents\Visual Studio 2015\Projects\MikeSimulator\Debug\fltk.pdb'; linking object as if no debug info
fltkd.lib(Fl_Button.obj) : warning LNK4099: PDB 'fltk.pdb' was not found with 'fltkd.lib(Fl_Button.obj)' or at 'E:\Michael\Documents\Visual Studio 2015\Projects\MikeSimulator\Debug\fltk.pdb'; linking object as if no debug info
fltkd.lib(fl_color.obj) : warning LNK4099: PDB 'fltk.pdb' was not found with 'fltkd.lib(fl_color.obj)' or at 'E:\Michael\Documents\Visual Studio 2015\Projects\MikeSimulator\Debug\fltk.pdb'; linking object as if no debug info
fltkd.lib(Fl_compose.obj) : warning LNK4099: PDB 'fltk.pdb' was not found with 'fltkd.lib(Fl_compose.obj)' or at 'E:\Michael\Documents\Visual Studio 2015\Projects\MikeSimulator\Debug\fltk.pdb'; linking object as if no debug info
fltkd.lib(fl_cursor.obj) : warning LNK4099: PDB 'fltk.pdb' was not found with 'fltkd.lib(fl_cursor.obj)' or at 'E:\Michael\Documents\Visual Studio 2015\Projects\MikeSimulator\Debug\fltk.pdb'; linking object as if no debug info
fltkd.lib(fl_curve.obj) : warning LNK4099: PDB 'fltk.pdb' was not found with 'fltkd.lib(fl_curve.obj)' or at 'E:\Michael\Documents\Visual Studio 2015\Projects\MikeSimulator\Debug\fltk.pdb'; linking object as if no debug info
fltkd.lib(Fl_Device.obj) : warning LNK4099: PDB 'fltk.pdb' was not found with 'fltkd.lib(Fl_Device.obj)' or at 'E:\Michael\Documents\Visual Studio 2015\Projects\MikeSimulator\Debug\fltk.pdb'; linking object as if no debug info
fltkd.lib(fl_dnd.obj) : warning LNK4099: PDB 'fltk.pdb' was not found with 'fltkd.lib(fl_dnd.obj)' or at 'E:\Michael\Documents\Visual Studio 2015\Projects\MikeSimulator\Debug\fltk.pdb'; linking object as if no debug info
fltkd.lib(Fl_Double_Window.obj) : warning LNK4099: PDB 'fltk.pdb' was not found with 'fltkd.lib(Fl_Double_Window.obj)' or at 'E:\Michael\Documents\Visual Studio 2015\Projects\MikeSimulator\Debug\fltk.pdb'; linking object as if no debug info
fltkd.lib(fl_draw.obj) : warning LNK4099: PDB 'fltk.pdb' was not found with 'fltkd.lib(fl_draw.obj)' or at 'E:\Michael\Documents\Visual Studio 2015\Projects\MikeSimulator\Debug\fltk.pdb'; linking object as if no debug info
fltkd.lib(fl_draw_image.obj) : warning LNK4099: PDB 'fltk.pdb' was not found with 'fltkd.lib(fl_draw_image.obj)' or at 'E:\Michael\Documents\Visual Studio 2015\Projects\MikeSimulator\Debug\fltk.pdb'; linking object as if no debug info
fltkd.lib(fl_draw_pixmap.obj) : warning LNK4099: PDB 'fltk.pdb' was not found with 'fltkd.lib(fl_draw_pixmap.obj)' or at 'E:\Michael\Documents\Visual Studio 2015\Projects\MikeSimulator\Debug\fltk.pdb'; linking object as if no debug info
fltkd.lib(fl_font.obj) : warning LNK4099: PDB 'fltk.pdb' was not found with 'fltkd.lib(fl_font.obj)' or at 'E:\Michael\Documents\Visual Studio 2015\Projects\MikeSimulator\Debug\fltk.pdb'; linking object as if no debug info
fltkd.lib(Fl_get_system_colors.obj) : warning LNK4099: PDB 'fltk.pdb' was not found with 'fltkd.lib(Fl_get_system_colors.obj)' or at 'E:\Michael\Documents\Visual Studio 2015\Projects\MikeSimulator\Debug\fltk.pdb'; linking object as if no debug info
fltkd.lib(Fl_grab.obj) : warning LNK4099: PDB 'fltk.pdb' was not found with 'fltkd.lib(Fl_grab.obj)' or at 'E:\Michael\Documents\Visual Studio 2015\Projects\MikeSimulator\Debug\fltk.pdb'; linking object as if no debug info
fltkd.lib(Fl_Group.obj) : warning LNK4099: PDB 'fltk.pdb' was not found with 'fltkd.lib(Fl_Group.obj)' or at 'E:\Michael\Documents\Visual Studio 2015\Projects\MikeSimulator\Debug\fltk.pdb'; linking object as if no debug info
fltkd.lib(fl_gtk.obj) : warning LNK4099: PDB 'fltk.pdb' was not found with 'fltkd.lib(fl_gtk.obj)' or at 'E:\Michael\Documents\Visual Studio 2015\Projects\MikeSimulator\Debug\fltk.pdb'; linking object as if no debug info
fltkd.lib(fl_gleam.obj) : warning LNK4099: PDB 'fltk.pdb' was not found with 'fltkd.lib(fl_gleam.obj)' or at 'E:\Michael\Documents\Visual Studio 2015\Projects\MikeSimulator\Debug\fltk.pdb'; linking object as if no debug info
fltkd.lib(Fl_Image.obj) : warning LNK4099: PDB 'fltk.pdb' was not found with 'fltkd.lib(Fl_Image.obj)' or at 'E:\Michael\Documents\Visual Studio 2015\Projects\MikeSimulator\Debug\fltk.pdb'; linking object as if no debug info
fltkd.lib(Fl_Input.obj) : warning LNK4099: PDB 'fltk.pdb' was not found with 'fltkd.lib(Fl_Input.obj)' or at 'E:\Michael\Documents\Visual Studio 2015\Projects\MikeSimulator\Debug\fltk.pdb'; linking object as if no debug info
fltkd.lib(Fl_Input_.obj) : warning LNK4099: PDB 'fltk.pdb' was not found with 'fltkd.lib(Fl_Input_.obj)' or at 'E:\Michael\Documents\Visual Studio 2015\Projects\MikeSimulator\Debug\fltk.pdb'; linking object as if no debug info
fltkd.lib(fl_labeltype.obj) : warning LNK4099: PDB 'fltk.pdb' was not found with 'fltkd.lib(fl_labeltype.obj)' or at 'E:\Michael\Documents\Visual Studio 2015\Projects\MikeSimulator\Debug\fltk.pdb'; linking object as if no debug info
fltkd.lib(fl_line_style.obj) : warning LNK4099: PDB 'fltk.pdb' was not found with 'fltkd.lib(fl_line_style.obj)' or at 'E:\Michael\Documents\Visual Studio 2015\Projects\MikeSimulator\Debug\fltk.pdb'; linking object as if no debug info
fltkd.lib(Fl_lock.obj) : warning LNK4099: PDB 'fltk.pdb' was not found with 'fltkd.lib(Fl_lock.obj)' or at 'E:\Michael\Documents\Visual Studio 2015\Projects\MikeSimulator\Debug\fltk.pdb'; linking object as if no debug info
fltkd.lib(Fl_Menu.obj) : warning LNK4099: PDB 'fltk.pdb' was not found with 'fltkd.lib(Fl_Menu.obj)' or at 'E:\Michael\Documents\Visual Studio 2015\Projects\MikeSimulator\Debug\fltk.pdb'; linking object as if no debug info
fltkd.lib(Fl_Menu_.obj) : warning LNK4099: PDB 'fltk.pdb' was not found with 'fltkd.lib(Fl_Menu_.obj)' or at 'E:\Michael\Documents\Visual Studio 2015\Projects\MikeSimulator\Debug\fltk.pdb'; linking object as if no debug info
fltkd.lib(Fl_Menu_add.obj) : warning LNK4099: PDB 'fltk.pdb' was not found with 'fltkd.lib(Fl_Menu_add.obj)' or at 'E:\Michael\Documents\Visual Studio 2015\Projects\MikeSimulator\Debug\fltk.pdb'; linking object as if no debug info
fltkd.lib(Fl_Menu_Button.obj) : warning LNK4099: PDB 'fltk.pdb' was not found with 'fltkd.lib(Fl_Menu_Button.obj)' or at 'E:\Michael\Documents\Visual Studio 2015\Projects\MikeSimulator\Debug\fltk.pdb'; linking object as if no debug info
fltkd.lib(Fl_Menu_Window.obj) : warning LNK4099: PDB 'fltk.pdb' was not found with 'fltkd.lib(Fl_Menu_Window.obj)' or at 'E:\Michael\Documents\Visual Studio 2015\Projects\MikeSimulator\Debug\fltk.pdb'; linking object as if no debug info
fltkd.lib(Fl_Overlay_Window.obj) : warning LNK4099: PDB 'fltk.pdb' was not found with 'fltkd.lib(Fl_Overlay_Window.obj)' or at 'E:\Michael\Documents\Visual Studio 2015\Projects\MikeSimulator\Debug\fltk.pdb'; linking object as if no debug info
fltkd.lib(Fl_Pixmap.obj) : warning LNK4099: PDB 'fltk.pdb' was not found with 'fltkd.lib(Fl_Pixmap.obj)' or at 'E:\Michael\Documents\Visual Studio 2015\Projects\MikeSimulator\Debug\fltk.pdb'; linking object as if no debug info
fltkd.lib(fl_plastic.obj) : warning LNK4099: PDB 'fltk.pdb' was not found with 'fltkd.lib(fl_plastic.obj)' or at 'E:\Michael\Documents\Visual Studio 2015\Projects\MikeSimulator\Debug\fltk.pdb'; linking object as if no debug info
fltkd.lib(Fl_Preferences.obj) : warning LNK4099: PDB 'fltk.pdb' was not found with 'fltkd.lib(Fl_Preferences.obj)' or at 'E:\Michael\Documents\Visual Studio 2015\Projects\MikeSimulator\Debug\fltk.pdb'; linking object as if no debug info
fltkd.lib(fl_read_image.obj) : warning LNK4099: PDB 'fltk.pdb' was not found with 'fltkd.lib(fl_read_image.obj)' or at 'E:\Michael\Documents\Visual Studio 2015\Projects\MikeSimulator\Debug\fltk.pdb'; linking object as if no debug info
fltkd.lib(fl_rect.obj) : warning LNK4099: PDB 'fltk.pdb' was not found with 'fltkd.lib(fl_rect.obj)' or at 'E:\Michael\Documents\Visual Studio 2015\Projects\MikeSimulator\Debug\fltk.pdb'; linking object as if no debug info
fltkd.lib(Fl_Repeat_Button.obj) : warning LNK4099: PDB 'fltk.pdb' was not found with 'fltkd.lib(Fl_Repeat_Button.obj)' or at 'E:\Michael\Documents\Visual Studio 2015\Projects\MikeSimulator\Debug\fltk.pdb'; linking object as if no debug info
fltkd.lib(Fl_Return_Button.obj) : warning LNK4099: PDB 'fltk.pdb' was not found with 'fltkd.lib(Fl_Return_Button.obj)' or at 'E:\Michael\Documents\Visual Studio 2015\Projects\MikeSimulator\Debug\fltk.pdb'; linking object as if no debug info
fltkd.lib(fl_round_box.obj) : warning LNK4099: PDB 'fltk.pdb' was not found with 'fltkd.lib(fl_round_box.obj)' or at 'E:\Michael\Documents\Visual Studio 2015\Projects\MikeSimulator\Debug\fltk.pdb'; linking object as if no debug info
fltkd.lib(Fl_Scroll.obj) : warning LNK4099: PDB 'fltk.pdb' was not found with 'fltkd.lib(Fl_Scroll.obj)' or at 'E:\Michael\Documents\Visual Studio 2015\Projects\MikeSimulator\Debug\fltk.pdb'; linking object as if no debug info
fltkd.lib(fl_scroll_area.obj) : warning LNK4099: PDB 'fltk.pdb' was not found with 'fltkd.lib(fl_scroll_area.obj)' or at 'E:\Michael\Documents\Visual Studio 2015\Projects\MikeSimulator\Debug\fltk.pdb'; linking object as if no debug info
fltkd.lib(Fl_Scrollbar.obj) : warning LNK4099: PDB 'fltk.pdb' was not found with 'fltkd.lib(Fl_Scrollbar.obj)' or at 'E:\Michael\Documents\Visual Studio 2015\Projects\MikeSimulator\Debug\fltk.pdb'; linking object as if no debug info
fltkd.lib(fl_shortcut.obj) : warning LNK4099: PDB 'fltk.pdb' was not found with 'fltkd.lib(fl_shortcut.obj)' or at 'E:\Michael\Documents\Visual Studio 2015\Projects\MikeSimulator\Debug\fltk.pdb'; linking object as if no debug info
fltkd.lib(Fl_Single_Window.obj) : warning LNK4099: PDB 'fltk.pdb' was not found with 'fltkd.lib(Fl_Single_Window.obj)' or at 'E:\Michael\Documents\Visual Studio 2015\Projects\MikeSimulator\Debug\fltk.pdb'; linking object as if no debug info
fltkd.lib(Fl_Slider.obj) : warning LNK4099: PDB 'fltk.pdb' was not found with 'fltkd.lib(Fl_Slider.obj)' or at 'E:\Michael\Documents\Visual Studio 2015\Projects\MikeSimulator\Debug\fltk.pdb'; linking object as if no debug info
fltkd.lib(fl_symbols.obj) : warning LNK4099: PDB 'fltk.pdb' was not found with 'fltkd.lib(fl_symbols.obj)' or at 'E:\Michael\Documents\Visual Studio 2015\Projects\MikeSimulator\Debug\fltk.pdb'; linking object as if no debug info
fltkd.lib(Fl_Table.obj) : warning LNK4099: PDB 'fltk.pdb' was not found with 'fltkd.lib(Fl_Table.obj)' or at 'E:\Michael\Documents\Visual Studio 2015\Projects\MikeSimulator\Debug\fltk.pdb'; linking object as if no debug info
fltkd.lib(Fl_Table_Row.obj) : warning LNK4099: PDB 'fltk.pdb' was not found with 'fltkd.lib(Fl_Table_Row.obj)' or at 'E:\Michael\Documents\Visual Studio 2015\Projects\MikeSimulator\Debug\fltk.pdb'; linking object as if no debug info
fltkd.lib(Fl_Text_Buffer.obj) : warning LNK4099: PDB 'fltk.pdb' was not found with 'fltkd.lib(Fl_Text_Buffer.obj)' or at 'E:\Michael\Documents\Visual Studio 2015\Projects\MikeSimulator\Debug\fltk.pdb'; linking object as if no debug info
fltkd.lib(Fl_Text_Display.obj) : warning LNK4099: PDB 'fltk.pdb' was not found with 'fltkd.lib(Fl_Text_Display.obj)' or at 'E:\Michael\Documents\Visual Studio 2015\Projects\MikeSimulator\Debug\fltk.pdb'; linking object as if no debug info
fltkd.lib(Fl_Tiled_Image.obj) : warning LNK4099: PDB 'fltk.pdb' was not found with 'fltkd.lib(Fl_Tiled_Image.obj)' or at 'E:\Michael\Documents\Visual Studio 2015\Projects\MikeSimulator\Debug\fltk.pdb'; linking object as if no debug info
fltkd.lib(Fl_Tooltip.obj) : warning LNK4099: PDB 'fltk.pdb' was not found with 'fltkd.lib(Fl_Tooltip.obj)' or at 'E:\Michael\Documents\Visual Studio 2015\Projects\MikeSimulator\Debug\fltk.pdb'; linking object as if no debug info
fltkd.lib(fl_utf.obj) : warning LNK4099: PDB 'fltk.pdb' was not found with 'fltkd.lib(fl_utf.obj)' or at 'E:\Michael\Documents\Visual Studio 2015\Projects\MikeSimulator\Debug\fltk.pdb'; linking object as if no debug info
fltkd.lib(fl_utf8.obj) : warning LNK4099: PDB 'fltk.pdb' was not found with 'fltkd.lib(fl_utf8.obj)' or at 'E:\Michael\Documents\Visual Studio 2015\Projects\MikeSimulator\Debug\fltk.pdb'; linking object as if no debug info
fltkd.lib(Fl_Valuator.obj) : warning LNK4099: PDB 'fltk.pdb' was not found with 'fltkd.lib(Fl_Valuator.obj)' or at 'E:\Michael\Documents\Visual Studio 2015\Projects\MikeSimulator\Debug\fltk.pdb'; linking object as if no debug info
fltkd.lib(Fl_Value_Input.obj) : warning LNK4099: PDB 'fltk.pdb' was not found with 'fltkd.lib(Fl_Value_Input.obj)' or at 'E:\Michael\Documents\Visual Studio 2015\Projects\MikeSimulator\Debug\fltk.pdb'; linking object as if no debug info
fltkd.lib(Fl_Value_Slider.obj) : warning LNK4099: PDB 'fltk.pdb' was not found with 'fltkd.lib(Fl_Value_Slider.obj)' or at 'E:\Michael\Documents\Visual Studio 2015\Projects\MikeSimulator\Debug\fltk.pdb'; linking object as if no debug info
fltkd.lib(fl_vertex.obj) : warning LNK4099: PDB 'fltk.pdb' was not found with 'fltkd.lib(fl_vertex.obj)' or at 'E:\Michael\Documents\Visual Studio 2015\Projects\MikeSimulator\Debug\fltk.pdb'; linking object as if no debug info
fltkd.lib(Fl_Widget.obj) : warning LNK4099: PDB 'fltk.pdb' was not found with 'fltkd.lib(Fl_Widget.obj)' or at 'E:\Michael\Documents\Visual Studio 2015\Projects\MikeSimulator\Debug\fltk.pdb'; linking object as if no debug info
fltkd.lib(Fl_Window.obj) : warning LNK4099: PDB 'fltk.pdb' was not found with 'fltkd.lib(Fl_Window.obj)' or at 'E:\Michael\Documents\Visual Studio 2015\Projects\MikeSimulator\Debug\fltk.pdb'; linking object as if no debug info
fltkd.lib(Fl_Window_fullscreen.obj) : warning LNK4099: PDB 'fltk.pdb' was not found with 'fltkd.lib(Fl_Window_fullscreen.obj)' or at 'E:\Michael\Documents\Visual Studio 2015\Projects\MikeSimulator\Debug\fltk.pdb'; linking object as if no debug info
fltkd.lib(Fl_Window_hotspot.obj) : warning LNK4099: PDB 'fltk.pdb' was not found with 'fltkd.lib(Fl_Window_hotspot.obj)' or at 'E:\Michael\Documents\Visual Studio 2015\Projects\MikeSimulator\Debug\fltk.pdb'; linking object as if no debug info
fltkd.lib(Fl_Window_shape.obj) : warning LNK4099: PDB 'fltk.pdb' was not found with 'fltkd.lib(Fl_Window_shape.obj)' or at 'E:\Michael\Documents\Visual Studio 2015\Projects\MikeSimulator\Debug\fltk.pdb'; linking object as if no debug info
fltkd.lib(flstring.obj) : warning LNK4099: PDB 'fltk.pdb' was not found with 'fltkd.lib(flstring.obj)' or at 'E:\Michael\Documents\Visual Studio 2015\Projects\MikeSimulator\Debug\fltk.pdb'; linking object as if no debug info
fltkd.lib(is_spacing.obj) : warning LNK4099: PDB 'fltk.pdb' was not found with 'fltkd.lib(is_spacing.obj)' or at 'E:\Michael\Documents\Visual Studio 2015\Projects\MikeSimulator\Debug\fltk.pdb'; linking object as if no debug info
fltkd.lib(numericsort.obj) : warning LNK4099: PDB 'fltk.pdb' was not found with 'fltkd.lib(numericsort.obj)' or at 'E:\Michael\Documents\Visual Studio 2015\Projects\MikeSimulator\Debug\fltk.pdb'; linking object as if no debug info
fltkd.lib(scandir.obj) : warning LNK4099: PDB 'fltk.pdb' was not found with 'fltkd.lib(scandir.obj)' or at 'E:\Michael\Documents\Visual Studio 2015\Projects\MikeSimulator\Debug\fltk.pdb'; linking object as if no debug info
fltkd.lib(screen_xywh.obj) : warning LNK4099: PDB 'fltk.pdb' was not found with 'fltkd.lib(screen_xywh.obj)' or at 'E:\Michael\Documents\Visual Studio 2015\Projects\MikeSimulator\Debug\fltk.pdb'; linking object as if no debug info
fltkd.lib(vsnprintf.obj) : warning LNK4099: PDB 'fltk.pdb' was not found with 'fltkd.lib(vsnprintf.obj)' or at 'E:\Michael\Documents\Visual Studio 2015\Projects\MikeSimulator\Debug\fltk.pdb'; linking object as if no debug info
  MikeSimulator.vcxproj -> E:\Michael\Documents\Visual Studio 2015\Projects\MikeSimulator\Debug\MikeSimulator.exe
