  Control.cpp
e:\michael\documents\visual studio 2015\projects\mikesimulator\src\FLUID/FluidInterface.h(5): fatal error C1083: Cannot open include file: 'FL/Fl.H': No such file or directory
  Data.cpp
e:\michael\documents\visual studio 2015\projects\mikesimulator\src\FLUID/FluidInterface.h(5): fatal error C1083: Cannot open include file: 'FL/Fl.H': No such file or directory
  FluidInterface.cxx
e:\michael\documents\visual studio 2015\projects\mikesimulator\src\fluid\FluidInterface.h(5): fatal error C1083: Cannot open include file: 'FL/Fl.H': No such file or directory
  FluidPriceControl.cxx
e:\michael\documents\visual studio 2015\projects\mikesimulator\src\fluid\FluidPriceControl.h(5): fatal error C1083: Cannot open include file: 'FL/Fl.H': No such file or directory
  main.cpp
e:\michael\documents\visual studio 2015\projects\mikesimulator\src\FLUID/FluidInterface.h(5): fatal error C1083: Cannot open include file: 'FL/Fl.H': No such file or directory
  ManualInterface.cpp
e:\michael\documents\visual studio 2015\projects\mikesimulator\src\FLUID/FluidInterface.h(5): fatal error C1083: Cannot open include file: 'FL/Fl.H': No such file or directory
  MikePositionsOrders.cpp
  MikeSimulator.cpp
e:\michael\documents\visual studio 2015\projects\mikesimulator\src\FLUID/FluidInterface.h(5): fatal error C1083: Cannot open include file: 'FL/Fl.H': No such file or directory
  MikeTimer.cpp
  PriceControlUI.cpp
e:\michael\documents\visual studio 2015\projects\mikesimulator\src\FLUID\FluidPriceControl.h(5): fatal error C1083: Cannot open include file: 'FL/Fl.H': No such file or directory
  UserInterface.cpp
e:\michael\documents\visual studio 2015\projects\mikesimulator\src\FLUID/FluidInterface.h(5): fatal error C1083: Cannot open include file: 'FL/Fl.H': No such file or directory
  WidgetTable.cpp
e:\michael\documents\visual studio 2015\projects\mikesimulator\src\FLUID/FluidInterface.h(5): fatal error C1083: Cannot open include file: 'FL/Fl.H': No such file or directory
